[    0.000000] Initializing cgroup subsys cpuset
[    0.000000] Initializing cgroup subsys cpu
[    0.000000] Initializing cgroup subsys cpuacct
[    0.000000] Linux version 4.4.0-210-generic (buildd@lgw01-amd64-009) (gcc version 5.4.0 20160609 (Ubuntu 5.4.0-6ubuntu1~16.04.12) ) #242-Ubuntu SMP Fri Apr 16 09:57:56 UTC 2021 (Ubuntu 4.4.0-210.242-generic 4.4.262)
[    0.000000] Command line: BOOT_IMAGE=/boot/vmlinuz-4.4.0-210-generic root=LABEL=cloudimg-rootfs ro console=tty1 console=ttyS0
[    0.000000] KERNEL supported cpus:
[    0.000000]   Intel GenuineIntel
[    0.000000]   AMD AuthenticAMD
[    0.000000]   Centaur CentaurHauls
[    0.000000] [Firmware Bug]: TSC doesn't count with P0 frequency!
[    0.000000] x86/fpu: xstate_offset[2]:  576, xstate_sizes[2]:  256
[    0.000000] x86/fpu: Supporting XSAVE feature 0x01: 'x87 floating point registers'
[    0.000000] x86/fpu: Supporting XSAVE feature 0x02: 'SSE registers'
[    0.000000] x86/fpu: Supporting XSAVE feature 0x04: 'AVX registers'
[    0.000000] x86/fpu: Enabled xstate features 0x7, context size is 832 bytes, using 'standard' format.
[    0.000000] e820: BIOS-provided physical RAM map:
[    0.000000] BIOS-e820: [mem 0x0000000000000000-0x000000000009fbff] usable
[    0.000000] BIOS-e820: [mem 0x000000000009fc00-0x000000000009ffff] reserved
[    0.000000] BIOS-e820: [mem 0x00000000000f0000-0x00000000000fffff] reserved
[    0.000000] BIOS-e820: [mem 0x0000000000100000-0x000000003ffeffff] usable
[    0.000000] BIOS-e820: [mem 0x000000003fff0000-0x000000003fffffff] ACPI data
[    0.000000] BIOS-e820: [mem 0x00000000fec00000-0x00000000fec00fff] reserved
[    0.000000] BIOS-e820: [mem 0x00000000fee00000-0x00000000fee00fff] reserved
[    0.000000] BIOS-e820: [mem 0x00000000fffc0000-0x00000000ffffffff] reserved
[    0.000000] NX (Execute Disable) protection: active
[    0.000000] SMBIOS 2.5 present.
[    0.000000] Hypervisor detected: KVM
[    0.000000] Kernel/User page tables isolation: disabled
[    0.000000] e820: last_pfn = 0x3fff0 max_arch_pfn = 0x400000000
[    0.000000] MTRR: Disabled
[    0.000000] x86/PAT: MTRRs disabled, skipping PAT initialization too.
[    0.000000] CPU MTRRs all blank - virtualized system.
[    0.000000] x86/PAT: Configuration [0-7]: WB  WT  UC- UC  WB  WT  UC- UC  
[    0.000000] found SMP MP-table at [mem 0x0009fff0-0x0009ffff] mapped at [ffff88000009fff0]
[    0.000000] Scanning 1 areas for low memory corruption
[    0.000000] RAMDISK: [mem 0x362dc000-0x37165fff]
[    0.000000] ACPI: Early table checksum verification disabled
[    0.000000] ACPI: RSDP 0x00000000000E0000 000024 (v02 VBOX  )
[    0.000000] ACPI: XSDT 0x000000003FFF0030 00003C (v01 VBOX   VBOXXSDT 00000001 ASL  00000061)
[    0.000000] ACPI: FACP 0x000000003FFF00F0 0000F4 (v04 VBOX   VBOXFACP 00000001 ASL  00000061)
[    0.000000] ACPI: DSDT 0x000000003FFF0610 002353 (v02 VBOX   VBOXBIOS 00000002 INTL 20100528)
[    0.000000] ACPI: FACS 0x000000003FFF0200 000040
[    0.000000] ACPI: FACS 0x000000003FFF0200 000040
[    0.000000] ACPI: APIC 0x000000003FFF0240 00005C (v02 VBOX   VBOXAPIC 00000001 ASL  00000061)
[    0.000000] ACPI: SSDT 0x000000003FFF02A0 00036C (v01 VBOX   VBOXCPUT 00000002 INTL 20100528)
[    0.000000] No NUMA configuration found
[    0.000000] Faking a node at [mem 0x0000000000000000-0x000000003ffeffff]
[    0.000000] NODE_DATA(0) allocated [mem 0x3ffeb000-0x3ffeffff]
[    0.000000] kvm-clock: Using msrs 4b564d01 and 4b564d00
[    0.000000] kvm-clock: cpu 0, msr 0:3ffe3001, primary cpu clock
[    0.000000] kvm-clock: using sched offset of 2989556510 cycles
[    0.000000] clocksource: kvm-clock: mask: 0xffffffffffffffff max_cycles: 0x1cd42e4dffb, max_idle_ns: 881590591483 ns
[    0.000000] Zone ranges:
[    0.000000]   DMA      [mem 0x0000000000001000-0x0000000000ffffff]
[    0.000000]   DMA32    [mem 0x0000000001000000-0x000000003ffeffff]
[    0.000000]   Normal   empty
[    0.000000]   Device   empty
[    0.000000] Movable zone start for each node
[    0.000000] Early memory node ranges
[    0.000000]   node   0: [mem 0x0000000000001000-0x000000000009efff]
[    0.000000]   node   0: [mem 0x0000000000100000-0x000000003ffeffff]
[    0.000000] Initmem setup node 0 [mem 0x0000000000001000-0x000000003ffeffff]
[    0.000000] ACPI: PM-Timer IO Port: 0x4008
[    0.000000] IOAPIC[0]: apic_id 2, version 32, address 0xfec00000, GSI 0-23
[    0.000000] ACPI: INT_SRC_OVR (bus 0 bus_irq 0 global_irq 2 dfl dfl)
[    0.000000] ACPI: INT_SRC_OVR (bus 0 bus_irq 9 global_irq 9 low level)
[    0.000000] Using ACPI (MADT) for SMP configuration information
[    0.000000] smpboot: Allowing 2 CPUs, 0 hotplug CPUs
[    0.000000] PM: Registered nosave memory: [mem 0x00000000-0x00000fff]
[    0.000000] PM: Registered nosave memory: [mem 0x0009f000-0x0009ffff]
[    0.000000] PM: Registered nosave memory: [mem 0x000a0000-0x000effff]
[    0.000000] PM: Registered nosave memory: [mem 0x000f0000-0x000fffff]
[    0.000000] e820: [mem 0x40000000-0xfebfffff] available for PCI devices
[    0.000000] Booting paravirtualized kernel on KVM
[    0.000000] clocksource: refined-jiffies: mask: 0xffffffff max_cycles: 0xffffffff, max_idle_ns: 7645519600211568 ns
[    0.000000] setup_percpu: NR_CPUS:512 nr_cpumask_bits:512 nr_cpu_ids:2 nr_node_ids:1
[    0.000000] PERCPU: Embedded 33 pages/cpu @ffff88003fc00000 s95192 r8192 d31784 u1048576
[    0.000000] Built 1 zonelists in Node order, mobility grouping on.  Total pages: 257912
[    0.000000] Policy zone: DMA32
[    0.000000] Kernel command line: BOOT_IMAGE=/boot/vmlinuz-4.4.0-210-generic root=LABEL=cloudimg-rootfs ro console=tty1 console=ttyS0
[    0.000000] PID hash table entries: 4096 (order: 3, 32768 bytes)
[    0.000000] Memory: 997792K/1048120K available (8644K kernel code, 1332K rwdata, 4044K rodata, 1492K init, 1164K bss, 50328K reserved, 0K cma-reserved)
[    0.000000] SLUB: HWalign=64, Order=0-3, MinObjects=0, CPUs=2, Nodes=1
[    0.000000] Hierarchical RCU implementation.
[    0.000000] 	Build-time adjustment of leaf fanout to 64.
[    0.000000] 	RCU restricting CPUs from NR_CPUS=512 to nr_cpu_ids=2.
[    0.000000] RCU: Adjusting geometry for rcu_fanout_leaf=64, nr_cpu_ids=2
[    0.000000] NR_IRQS:33024 nr_irqs:440 16
[    0.000000] Console: colour VGA+ 80x25
[    0.000000] console [tty1] enabled
[    0.000000] console [ttyS0] enabled
[    0.000000] tsc: Detected 1796.625 MHz processor
[    0.132745] Calibrating delay loop (skipped) preset value.. 3593.25 BogoMIPS (lpj=7186500)
[    0.134357] pid_max: default: 32768 minimum: 301
[    0.135146] ACPI: Core revision 20150930
[    0.136841] ACPI: 2 ACPI AML tables successfully acquired and loaded
[    0.137983] Security Framework initialized
[    0.138750] Yama: becoming mindful.
[    0.139433] AppArmor: AppArmor initialized
[    0.140234] Dentry cache hash table entries: 131072 (order: 8, 1048576 bytes)
[    0.141532] Inode-cache hash table entries: 65536 (order: 7, 524288 bytes)
[    0.143257] Mount-cache hash table entries: 2048 (order: 2, 16384 bytes)
[    0.144338] Mountpoint-cache hash table entries: 2048 (order: 2, 16384 bytes)
[    0.145679] Initializing cgroup subsys io
[    0.146396] Initializing cgroup subsys memory
[    0.147239] Initializing cgroup subsys devices
[    0.147999] Initializing cgroup subsys freezer
[    0.148917] Initializing cgroup subsys net_cls
[    0.149700] Initializing cgroup subsys perf_event
[    0.150506] Initializing cgroup subsys net_prio
[    0.151321] Initializing cgroup subsys hugetlb
[    0.152090] Initializing cgroup subsys pids
[    0.160471] mce: CPU supports 0 MCE banks
[    0.161198] Last level iTLB entries: 4KB 1024, 2MB 1024, 4MB 512
[    0.162155] Last level dTLB entries: 4KB 2048, 2MB 2048, 4MB 1024, 1GB 0
[    0.163161] Spectre V1 : Mitigation: usercopy/swapgs barriers and __user pointer sanitization
[    0.164792] Spectre V2 : Spectre mitigation: LFENCE not serializing, switching to generic retpoline
[    0.166536] Spectre V2 : Mitigation: Full generic retpoline
[    0.167577] Spectre V2 : Spectre v2 / SpectreRSB mitigation: Filling RSB on context switch
[    0.171359] Freeing SMP alternatives memory: 36K
[    0.177181] ftrace: allocating 32380 entries in 127 pages
[    0.229047] smpboot: APIC(0) Converting physical 0 to logical package 0
[    0.230820] smpboot: Max logical packages: 1
[    0.231999] x2apic enabled
[    0.232812] Switched APIC routing to physical x2apic.
[    0.234688] ..TIMER: vector=0x30 apic1=0 pin1=2 apic2=-1 pin2=-1
[    0.343899] APIC calibration not consistent with PM-Timer: 108ms instead of 100ms
[    0.345473] APIC delta adjusted to PM-Timer: 6402250 (6945349)
[    0.346793] smpboot: CPU0: AMD Ryzen 7 5700U with Radeon Graphics (family: 0x17, model: 0x68, stepping: 0x1)
[    0.349228] Performance Events: Broken PMU hardware detected, using software events only.
[    0.350884] Failed to access perfctr msr (MSR c0010007 is 0)
[    0.357197] KVM setup paravirtual spinlock
[    0.358719] x86: Booting SMP configuration:
[    0.359560] .... node  #0, CPUs:      #1
[    0.360291] kvm-clock: cpu 1, msr 0:3ffe3041, secondary cpu clock
[    0.368928] mce: CPU supports 0 MCE banks
[    0.371411] x86: Booted up 1 node, 2 CPUs
[    0.372238] smpboot: Total of 2 processors activated (7186.50 BogoMIPS)
[    0.373602] devtmpfs: initialized
[    0.375750] evm: security.selinux
[    0.376364] evm: security.SMACK64
[    0.376967] evm: security.SMACK64EXEC
[    0.377602] evm: security.SMACK64TRANSMUTE
[    0.378298] evm: security.SMACK64MMAP
[    0.378910] evm: security.ima
[    0.379463] evm: security.capability
[    0.380910] clocksource: jiffies: mask: 0xffffffff max_cycles: 0xffffffff, max_idle_ns: 7645041785100000 ns
[    0.382487] futex hash table entries: 512 (order: 3, 32768 bytes)
[    0.383543] pinctrl core: initialized pinctrl subsystem
[    0.384470] RTC time: 10:52:45, date: 05/20/24
[    0.385475] NET: Registered protocol family 16
[    0.396090] cpuidle: using governor ladder
[    0.404310] cpuidle: using governor menu
[    0.405763] PCCT header not found.
[    0.406992] ACPI: bus type PCI registered
[    0.407660] acpiphp: ACPI Hot Plug PCI Controller Driver version: 0.5
[    0.408708] PCI: Using configuration type 1 for base access
[    0.409831] PCI: Using configuration type 1 for extended access
[    0.422180] ACPI: Added _OSI(Module Device)
[    0.423677] ACPI: Added _OSI(Processor Device)
[    0.424572] ACPI: Added _OSI(3.0 _SCP Extensions)
[    0.425468] ACPI: Added _OSI(Processor Aggregator Device)
[    0.426881] ACPI: Executed 1 blocks of module-level executable AML code
[    0.429344] ACPI: Interpreter enabled
[    0.430121] ACPI: (supports S0 S5)
[    0.430851] ACPI: Using IOAPIC for interrupt routing
[    0.431997] PCI: Using host bridge windows from ACPI; if necessary, use "pci=nocrs" and report a bug
[    0.436282] ACPI: PCI Root Bridge [PCI0] (domain 0000 [bus 00-ff])
[    0.437422] acpi PNP0A03:00: _OSC: OS supports [ExtendedConfig ASPM ClockPM Segments MSI]
[    0.439344] acpi PNP0A03:00: _OSC: platform does not support [PCIeCapability]
[    0.441692] acpi PNP0A03:00: _OSC: not requesting control; platform does not support [PCIeCapability]
[    0.443855] acpi PNP0A03:00: _OSC: OS requested [PCIeHotplug PME AER PCIeCapability]
[    0.445320] acpi PNP0A03:00: _OSC: platform willing to grant [PCIeHotplug PME AER]
[    0.446837] acpi PNP0A03:00: _OSC failed (AE_SUPPORT); disabling ASPM
[    0.448288] PCI host bridge to bus 0000:00
[    0.457249] pci_bus 0000:00: root bus resource [io  0x0000-0x0cf7 window]
[    0.458256] pci_bus 0000:00: root bus resource [io  0x0d00-0xffff window]
[    0.459263] pci_bus 0000:00: root bus resource [mem 0x000a0000-0x000bffff window]
[    0.460492] pci_bus 0000:00: root bus resource [mem 0x40000000-0xfdffffff window]
[    0.461721] pci_bus 0000:00: root bus resource [bus 00-ff]
[    0.464138] pci 0000:00:01.1: legacy IDE quirk: reg 0x10: [io  0x01f0-0x01f7]
[    0.465248] pci 0000:00:01.1: legacy IDE quirk: reg 0x14: [io  0x03f6]
[    0.466257] pci 0000:00:01.1: legacy IDE quirk: reg 0x18: [io  0x0170-0x0177]
[    0.467275] pci 0000:00:01.1: legacy IDE quirk: reg 0x1c: [io  0x0376]
[    0.481896] pci 0000:00:07.0: quirk: [io  0x4000-0x403f] claimed by PIIX4 ACPI
[    0.483168] pci 0000:00:07.0: quirk: [io  0x4100-0x410f] claimed by PIIX4 SMB
[    0.489517] ACPI: PCI Interrupt Link [LNKA] (IRQs 5 9 10 *11)
[    0.490877] ACPI: PCI Interrupt Link [LNKB] (IRQs 5 9 *10 11)
[    0.492094] ACPI: PCI Interrupt Link [LNKC] (IRQs 5 *9 10 11)
[    0.493604] ACPI: PCI Interrupt Link [LNKD] (IRQs 5 9 10 *11)
[    0.494957] ACPI: Enabled 2 GPEs in block 00 to 07
[    0.496009] vgaarb: setting as boot device: PCI:0000:00:02.0
[    0.496895] vgaarb: device added: PCI:0000:00:02.0,decodes=io+mem,owns=io+mem,locks=none
[    0.498198] vgaarb: loaded
[    0.498714] vgaarb: bridge control possible 0000:00:02.0
[    0.499716] SCSI subsystem initialized
[    0.500564] ACPI: bus type USB registered
[    0.501340] usbcore: registered new interface driver usbfs
[    0.502187] usbcore: registered new interface driver hub
[    0.502996] usbcore: registered new device driver usb
[    0.503954] PCI: Using ACPI for IRQ routing
[    0.504898] NetLabel: Initializing
[    0.505493] NetLabel:  domain hash size = 128
[    0.506203] NetLabel:  protocols = UNLABELED CIPSOv4
[    0.506979] NetLabel:  unlabeled traffic allowed by default
[    0.507950] amd_nb: Cannot enumerate AMD northbridges
[    0.508828] clocksource: Switched to clocksource kvm-clock
[    0.514858] AppArmor: AppArmor Filesystem Enabled
[    0.515719] pnp: PnP ACPI init
[    0.516995] pnp: PnP ACPI: found 3 devices
[    0.525405] clocksource: acpi_pm: mask: 0xffffff max_cycles: 0xffffff, max_idle_ns: 2085701024 ns
[    0.526826] NET: Registered protocol family 2
[    0.527675] TCP established hash table entries: 8192 (order: 4, 65536 bytes)
[    0.528703] TCP bind hash table entries: 8192 (order: 5, 131072 bytes)
[    0.529644] TCP: Hash tables configured (established 8192 bind 8192)
[    0.530642] UDP hash table entries: 512 (order: 2, 16384 bytes)
[    0.531575] UDP-Lite hash table entries: 512 (order: 2, 16384 bytes)
[    0.532583] NET: Registered protocol family 1
[    0.533322] pci 0000:00:00.0: Limiting direct PCI/PCI transfers
[    0.534468] pci 0000:00:01.0: Activating ISA DMA hang workarounds
[    0.536420] Unpacking initramfs...
[    0.718079] Freeing initrd memory: 14888K
[    0.719172] clocksource: tsc: mask: 0xffffffffffffffff max_cycles: 0x19e5b5450ab, max_idle_ns: 440795235573 ns
[    0.720967] platform rtc_cmos: registered platform RTC device (no PNP device found)
[    0.723413] Scanning for low memory corruption every 60 seconds
[    0.725575] audit: initializing netlink subsys (disabled)
[    0.727258] audit: type=2000 audit(1716202369.667:1): initialized
[    0.728639] Initialise system trusted keyring
[    0.729735] HugeTLB registered 2 MB page size, pre-allocated 0 pages
[    0.731727] zbud: loaded
[    0.732587] VFS: Disk quotas dquot_6.6.0
[    0.733769] VFS: Dquot-cache hash table entries: 512 (order 0, 4096 bytes)
[    0.735122] squashfs: version 4.0 (2009/01/31) Phillip Lougher
[    0.736762] fuse init (API version 7.23)
[    0.737621] Key type big_key registered
[    0.738300] Allocating IMA MOK and blacklist keyrings.
[    0.739924] Key type asymmetric registered
[    0.740641] Asymmetric key parser 'x509' registered
[    0.741458] Block layer SCSI generic (bsg) driver version 0.4 loaded (major 249)
[    0.742701] io scheduler noop registered
[    0.743372] io scheduler deadline registered (default)
[    0.744197] io scheduler cfq registered
[    0.744956] pci_hotplug: PCI Hot Plug PCI Core version: 0.5
[    0.745827] pciehp: PCI Express Hot Plug Controller Driver version: 0.4
[    0.746946] ACPI: AC Adapter [AC] (on-line)
[    0.747699] input: Power Button as /devices/LNXSYSTM:00/LNXPWRBN:00/input/input0
[    0.749004] ACPI: Power Button [PWRF]
[    0.749703] input: Sleep Button as /devices/LNXSYSTM:00/LNXSLPBN:00/input/input1
[    0.750951] ACPI: Sleep Button [SLPF]
[    0.751790] GHES: HEST is not enabled!
[    0.752525] Serial: 8250/16550 driver, 32 ports, IRQ sharing enabled
[    0.752759] ACPI: Battery Slot [BAT0] (battery present)
[    0.774836] 00:02: ttyS0 at I/O 0x3f8 (irq = 4, base_baud = 115200) is a 16550A
[    0.778277] Linux agpgart interface v0.103
[    0.780268] loop: module loaded
[    0.781303] scsi host0: ata_piix
[    0.782017] scsi host1: ata_piix
[    0.782622] ata1: PATA max UDMA/33 cmd 0x1f0 ctl 0x3f6 bmdma 0xd000 irq 14
[    0.783620] ata2: PATA max UDMA/33 cmd 0x170 ctl 0x376 bmdma 0xd008 irq 15
[    0.784691] libphy: Fixed MDIO Bus: probed
[    0.785399] tun: Universal TUN/TAP device driver, 1.6
[    0.786179] tun: (C) 1999-2004 Max Krasnyansky <maxk@qualcomm.com>
[    0.787173] PPP generic driver version 2.4.2
[    0.787975] ehci_hcd: USB 2.0 'Enhanced' Host Controller (EHCI) Driver
[    0.788970] ehci-pci: EHCI PCI platform driver
[    0.789714] ehci-platform: EHCI generic platform driver
[    0.790536] ohci_hcd: USB 1.1 'Open' Host Controller (OHCI) Driver
[    0.791470] ohci-pci: OHCI PCI platform driver
[    0.792199] ohci-platform: OHCI generic platform driver
[    0.793032] uhci_hcd: USB Universal Host Controller Interface driver
[    0.794016] i8042: PNP: PS/2 Controller [PNP0303:PS2K,PNP0f03:PS2M] at 0x60,0x64 irq 1,12
[    0.795749] serio: i8042 KBD port at 0x60,0x64 irq 1
[    0.796545] serio: i8042 AUX port at 0x60,0x64 irq 12
[    0.797532] mousedev: PS/2 mouse device common for all mice
[    0.798720] input: AT Translated Set 2 keyboard as /devices/platform/i8042/serio0/input/input2
[    0.800434] rtc_cmos rtc_cmos: rtc core: registered rtc_cmos as rtc0
[    0.801456] rtc_cmos rtc_cmos: alarms up to one day, 114 bytes nvram
[    0.802427] i2c /dev entries driver
[    0.803092] device-mapper: uevent: version 1.0.3
[    0.803932] device-mapper: ioctl: 4.34.0-ioctl (2015-10-28) initialised: dm-devel@redhat.com
[    0.805349] ledtrig-cpu: registered to indicate activity on CPUs
[    0.806681] NET: Registered protocol family 10
[    0.807612] NET: Registered protocol family 17
[    0.808376] Key type dns_resolver registered
[    0.809397] registered taskstats version 1
[    0.810119] Loading compiled-in X.509 certificates
[    0.811327] Loaded X.509 cert 'Build time autogenerated kernel key: cf00e047681d67edb2720680708b7d9498083038'
[    0.812913] zswap: loaded using pool lzo/zbud
[    0.815194] Key type trusted registered
[    0.818218] Key type encrypted registered
[    0.818956] AppArmor: AppArmor sha1 policy hashing enabled
[    0.819812] ima: No TPM chip found, activating TPM-bypass!
[    0.820663] ima: Allocated hash algorithm: sha1
[    0.821414] evm: HMAC attrs: 0x1
[    0.822233]   Magic number: 8:894:881
[    0.822940] rtc_cmos rtc_cmos: setting system clock to 2024-05-20 10:52:45 UTC (1716202365)
[    0.824404] BIOS EDD facility v0.16 2004-Jun-25, 0 devices found
[    0.825355] EDD information not available.
[    0.962901] Freeing unused kernel memory: 1492K
[    0.963623] Write protecting the kernel read-only data: 14336k
[    0.964877] Freeing unused kernel memory: 1584K
[    0.965774] Freeing unused kernel memory: 52K
Loading, please wait...
starting version 229
[    0.975458] random: systemd-udevd: uninitialized urandom read (16 bytes read, 4 bits of entropy available)
[    0.975846] random: udevadm: uninitialized urandom read (16 bytes read, 4 bits of entropy available)
[    0.975864] random: udevadm: uninitialized urandom read (16 bytes read, 4 bits of entropy available)
[    0.979769] random: systemd-udevd: uninitialized urandom read (16 bytes read, 4 bits of entropy available)
[    0.981300] random: systemd-udevd: uninitialized urandom read (16 bytes read, 4 bits of entropy available)
[    0.982180] random: udevadm: uninitialized urandom read (16 bytes read, 4 bits of entropy available)
[    0.982217] random: udevadm: uninitialized urandom read (16 bytes read, 4 bits of entropy available)
[    0.982316] random: udevadm: uninitialized urandom read (16 bytes read, 4 bits of entropy available)
[    0.982355] random: udevadm: uninitialized urandom read (16 bytes read, 4 bits of entropy available)
[    0.982391] random: udevadm: uninitialized urandom read (16 bytes read, 4 bits of entropy available)
[    1.016900] e1000: Intel(R) PRO/1000 Network Driver - version 7.3.21-k8-NAPI
[    1.018252] e1000: Copyright (c) 1999-2006 Intel Corporation.
[    1.019419] Fusion MPT base driver 3.04.20
[    1.020543] Copyright (c) 1999-2008 LSI Corporation
[    1.024551] Fusion MPT SPI Host driver 3.04.20
[    1.038680] AVX2 version of gcm_enc/dec engaged.
[    1.039615] AES CTR mode by8 optimization enabled
[    1.226523] input: ImExPS/2 Generic Explorer Mouse as /devices/platform/i8042/serio1/input/input4
[    1.364599] e1000 0000:00:03.0 eth0: (PCI:33MHz:32-bit) 02:be:82:6b:cc:1d
[    1.365959] e1000 0000:00:03.0 eth0: Intel(R) PRO/1000 Network Connection
[    1.368207] e1000 0000:00:03.0 enp0s3: renamed from eth0
[    1.368209] mptbase: ioc0: Initiating bringup
[    1.437562] ioc0: LSI53C1030 A0: Capabilities={Initiator}
[    1.599729] scsi host2: ioc0: LSI53C1030 A0, FwRev=00000000h, Ports=1, MaxQ=256, IRQ=20
[    1.717906] scsi 2:0:0:0: Direct-Access     VBOX     HARDDISK         1.0  PQ: 0 ANSI: 5
[    1.726700] scsi target2:0:0: Beginning Domain Validation
[    1.729278] scsi target2:0:0: Domain Validation skipping write tests
[    1.730467] scsi target2:0:0: Ending Domain Validation
[    1.731663] scsi target2:0:0: asynchronous
[    1.733084] scsi 2:0:1:0: Direct-Access     VBOX     HARDDISK         1.0  PQ: 0 ANSI: 5
[    1.735368] scsi target2:0:1: Beginning Domain Validation
[    1.737947] scsi target2:0:1: Domain Validation skipping write tests
[    1.738901] scsi target2:0:1: Ending Domain Validation
[    1.739751] scsi target2:0:1: asynchronous
[    1.744520] sd 2:0:0:0: [sda] 83886080 512-byte logical blocks: (42.9 GB/40.0 GiB)
[    1.745857] sd 2:0:0:0: Attached scsi generic sg0 type 0
[    1.746774] sd 2:0:0:0: [sda] Write Protect is off
[    1.747638] sd 2:0:0:0: [sda] Incomplete mode parameter data
[    1.748506] sd 2:0:0:0: [sda] Assuming drive cache: write through
[    1.749508] sd 2:0:1:0: [sdb] 20480 512-byte logical blocks: (10.5 MB/10.0 MiB)
[    1.751095] sd 2:0:1:0: Attached scsi generic sg1 type 0
[    1.752225] sd 2:0:1:0: [sdb] Write Protect is off
[    1.753352] sd 2:0:1:0: [sdb] Incomplete mode parameter data
[    1.754318] sd 2:0:1:0: [sdb] Assuming drive cache: write through
[    1.759706]  sda: sda1
[    1.761922] sd 2:0:0:0: [sda] Attached SCSI disk
[    1.763086] sd 2:0:1:0: [sdb] Attached SCSI disk
Begin: Loading essential drivers ... [    3.053734] md: linear personality registered for level -1
[    3.056320] md: multipath personality registered for level -4
[    3.059080] md: raid0 personality registered for level 0
[    3.062247] md: raid1 personality registered for level 1
[    3.133085] raid6: sse2x1   gen()  7795 MB/s
[    3.201264] raid6: sse2x1   xor()  7765 MB/s
[    3.269387] raid6: sse2x2   gen() 15647 MB/s
[    3.337447] raid6: sse2x2   xor() 10343 MB/s
[    3.405066] raid6: sse2x4   gen() 16296 MB/s
[    3.473044] raid6: sse2x4   xor()  4280 MB/s
[    3.541152] raid6: avx2x1   gen() 17166 MB/s
[    3.608900] raid6: avx2x2   gen() 29809 MB/s
[    3.676881] raid6: avx2x4   gen() 29813 MB/s
[    3.677854] raid6: using algorithm avx2x4 gen() 29813 MB/s
[    3.678986] raid6: using avx2x2 recovery algorithm
[    3.681103] xor: automatically using best checksumming function:
[    3.721244]    avx       : 15272.000 MB/sec
[    3.723235] async_tx: api initialized (async)
[    3.730227] md: raid6 personality registered for level 6
[    3.731233] md: raid5 personality registered for level 5
[    3.732247] md: raid4 personality registered for level 4
[    3.738024] md: raid10 personality registered for level 10
done.
Begin: Running /scripts/init-premount ... done.
Begin: Mounting root file system ... Begin: Running /scripts/local-top ... done.
Begin: Running /scripts/local-premount ... [    3.763340] Btrfs loaded
Scanning for Btrfs filesystems
done.
Warning: fsck not present, so skipping root file system
[    3.787349] EXT4-fs (sda1): mounted filesystem with ordered data mode. Opts: (null)
done.
Begin: Running /scripts/local-bottom ... done.
Begin: Running /scripts/init-bottom ... done.
[    3.858907] systemd[1]: systemd 229 running in system mode. (+PAM +AUDIT +SELINUX +IMA +APPARMOR +SMACK +SYSVINIT +UTMP +LIBCRYPTSETUP +GCRYPT +GNUTLS +ACL +XZ -LZ4 +SECCOMP +BLKID +ELFUTILS +KMOD -IDN)
[    3.862171] systemd[1]: Detected virtualization oracle.
[    3.863181] systemd[1]: Detected architecture x86-64.

Welcome to [1mUbuntu 16.04.7 LTS[0m!

[    3.997931] systemd[1]: Set hostname to <ubuntu>.
[    4.000755] systemd[1]: Initializing machine ID from random generator.
[    4.001928] systemd[1]: Installed transient /etc/machine-id file.
[    4.102387] systemd[1]: Listening on /dev/initctl Compatibility Named Pipe.
[[0;32m  OK  [0m] Listening on /dev/initctl Compatibility Named Pipe.
[    4.104311] systemd[1]: Reached target User and Group Name Lookups.
[[0;32m  OK  [0m] Reached target User and Group Name Lookups.
[    4.106485] systemd[1]: Created slice System Slice.
[[0;32m  OK  [0m] Created slice System Slice.
[    4.113796] systemd[1]: Created slice system-serial\x2dgetty.slice.
[[0;32m  OK  [0m] Created slice system-serial\x2dgetty.slice.
[    4.117899] systemd[1]: Created slice User and Session Slice.
[[0;32m  OK  [0m] Created slice User and Session Slice.
[    4.120119] systemd[1]: Set up automount Arbitrary Executable File Formats File System Automount Point.
[[0;32m  OK  [0m] Set up automount Arbitrary Executab...ats File System Automount Point.
[    4.123421] systemd[1]: Listening on udev Control Socket.
[[0;32m  OK  [0m] Listening on udev Control Socket.
[    4.125352] systemd[1]: Listening on Journal Audit Socket.
[[0;32m  OK  [0m] Listening on Journal Audit Socket.
[    4.127091] systemd[1]: Reached target Swap.
[[0;32m  OK  [0m] Reached target Swap.
[    4.128792] systemd[1]: Listening on Syslog Socket.
[[0;32m  OK  [0m] Listening on Syslog Socket.
[    4.130472] systemd[1]: Listening on udev Kernel Socket.
[[0;32m  OK  [0m] Listening on udev Kernel Socket.
[    4.132327] systemd[1]: Reached target System Time Synchronized.
[[0;32m  OK  [0m] Reached target System Time Synchronized.
[    4.134738] systemd[1]: Reached target Slices.
[[0;32m  OK  [0m] Reached target Slices.
[    4.136675] systemd[1]: Listening on Journal Socket.
[[0;32m  OK  [0m] Listening on Journal Socket.
[    4.149181] systemd[1]: Starting Create list of required static device nodes for the current kernel...
         Starting Create list of required st... nodes for the current kernel...
[    4.153465] systemd[1]: Starting Uncomplicated firewall...
         Starting Uncomplicated firewall...
[    4.156227] systemd[1]: Starting Load Kernel Modules...
         Starting Load Kernel Modules...
[    4.158663] systemd[1]: Starting Set console keymap...
         Starting Set console keymap...
[    4.160704] systemd[1]: Mounting Debug File System...
         Mounting Debug File System...
[    4.163533] systemd[1]: Mounting Huge Pages File System...
         Mounting Huge Pages File System...
[    4.165167] systemd[1]: Listening on LVM2 poll daemon socket.
[[0;32m  OK  [0m] Listening on LVM2 poll daemon socket.
[    4.167108] systemd[1]: Listening on fsck to fsckd communication Socket.
[[0;32m  OK  [0m] Listening on fsck to fsckd communication Socket.
[    4.169775] systemd[1]: Starting File System Check on Root Device...
         Starting File System Check on Root Device...
[    4.172521] systemd[1]: Started Forward Password Requests to Wall Directory Watch.
[    4.174273] Loading iSCSI transport class v2.0-870.
[[0;32m  OK  [0m] Started Forward Password Requests to Wall Directory Watch.
[    4.176148] systemd[1]: Reached target Encrypted Volumes.
[[0;32m  OK  [0m] Reached target Encrypted Volumes.
[    4.178674] systemd[1]: Listening on LVM2 metadata daemon socket.
[[0;32m  OK  [0m] Listening on LVM2 metadata daemon socket.
[    4.181068] systemd[1]: Mounting POSIX Message Queue File System...
         Mounting POSIX Message Queue File System...
[    4.183287] systemd[1]: Listening on Journal Socket (/dev/log).
[[0;32m  OK  [0m] Listening on Journal Socket (/dev/log).
[    4.186100] systemd[1]: Starting Journal Service...
         Starting Journal Service...
[    4.188154] iscsi: registered transport (tcp)
[    4.190266] systemd[1]: Listening on Device-mapper event daemon FIFOs.
[[0;32m  OK  [0m] Listening on Device-mapper event daemon FIFOs.
[    4.201611] systemd[1]: Starting Monitoring of LVM2 mirrors, snapshots etc. using dmeventd or progress polling...
         Starting Monitoring of LVM2 mirrors... dmeventd or progress polling...
[    4.204979] systemd[1]: Starting Nameserver information manager...
         Starting Nameserver information manager...
[    4.208763] systemd[1]: Started Trigger resolvconf update for networkd DNS.
[[0;32m  OK  [0m] Started Trigger resolvconf update for networkd DNS.
[    4.216023] systemd[1]: Mounted Huge Pages File System.
[[0;32m  OK  [0m] Mounted Huge Pages File System.
[    4.218029] systemd[1]: Mounted POSIX Message Queue File System.
[[0;32m  OK  [0m] Mounted POSIX Message Queue File System.
[    4.219984] systemd[1]: Mounted Debug File System.
[[0;32m  OK  [0m] Mounted Debug File System.
[    4.222172] systemd[1]: Started Create list of required static device nodes for the current kernel.
[[0;32m  OK  [0m] Started Create list of required sta...ce nodes for the current kernel.
[    4.231192] systemd[1]: Started Uncomplicated firewall.
[[0;32m  OK  [0m] Started Uncomplicated firewall.
[    4.235496] systemd[1]: Started LVM2 metadata daemon.
[[0;32m  OK  [0m] Started LVM2 metadata daemon.
[    4.238605] systemd[1]: Started File System Check Daemon to report status.
[[0;32m  OK  [0m] Started File System Check Daemon to report status.
[    4.243182] systemd[1]: Starting Create Static Device Nodes in /dev...
         Starting Create Static Device Nodes in /dev...
[    4.246748] systemd[1]: Started File System Check on Root Device.
[[0;32m  OK  [0m] Started File System Check on Root Device.
[    4.253136] systemd[1]: Started Nameserver information manager.
[[0;32m  OK  [0m] Started Nameserver information manager.
[    4.255949] systemd[1]: Starting Remount Root and Kernel File Systems...
[    4.260140] EXT4-fs (sda1): re-mounted. Opts: (null)
         Starting Remount Root and Kernel File Systems...
[    4.262997] systemd[1]: Started Set console keymap.
[[0;32m  OK  [0m] Started Set console keymap.
[    4.266082] systemd[1]: Started Remount Root and Kernel File Systems.
[[0;32m  OK  [0m] Started Remount Root and Kernel File Systems.
[    4.268601] systemd[1]: Started Journal Service.
[[0;32m  OK  [0m] Started Journal Service.
[    4.272790] iscsi: registered transport (iser)
         Starting Load/Save Random Seed...
         Starting udev Coldplug all Devices...
         Starting Flush Journal to Persistent Storage...
[[0;32m  OK  [0m] Started Load Kernel Modules.
[[0;32m  OK  [0m] Started Create Static Device Nodes in /dev.
[[0;32m  OK  [0m] Started Load/Save Random Seed.
         Starting udev Kernel Device Manager...
         Mounting FUSE Control File System...
         Starting Apply Kernel Variables...
[    4.307864] random: nonblocking pool is initialized
[[0;32m  OK  [0m] Mounted FUSE Control File System.
[[0;32m  OK  [0m] Started Apply Kernel Variables.
[[0;32m  OK  [0m] Started Flush Journal to Persistent Storage.
[[0;32m  OK  [0m] Started udev Kernel Device Manager.
[[0;32m  OK  [0m] Started udev Coldplug all Devices.
[[0;32m  OK  [0m] Started Dispatch Password Requests to Console Directory Watch.
[[0;32m  OK  [0m] Found device /dev/ttyS0.
[[0;32m  OK  [0m] Listening on Load/Save RF Kill Switch Status /dev/rfkill Watch.
[[0;32m  OK  [0m] Started Monitoring of LVM2 mirrors,...ng dmeventd or progress polling.
[[0;32m  OK  [0m] Reached target Local File Systems (Pre).
[[0;32m  OK  [0m] Reached target Local File Systems.
         Starting Initial cloud-init job (pre-networking)...
         Starting LSB: AppArmor initialization...
         Starting Tell Plymouth To Write Out Runtime Data...
         Starting Set console font and keymap...
         Starting Commit a transient machine-id on disk...
         Starting Create Volatile Files and Directories...
[[0;32m  OK  [0m] Started Tell Plymouth To Write Out Runtime Data.
[[0;32m  OK  [0m] Started Commit a transient machine-id on disk.
[[0;32m  OK  [0m] Started Create Volatile Files and Directories.
         Starting Update UTMP about System Boot/Shutdown...
[[0;32m  OK  [0m] Started Update UTMP about System Boot/Shutdown.
[[0;32m  OK  [0m] Started Set console font and keymap.
[[0;32m  OK  [0m] Created slice system-getty.slice.
[    5.645410] cloud-init[595]: Cloud-init v. 21.1-19-gbad84ad4-0ubuntu1~16.04.2 running 'init-local' at Mon, 20 May 2024 10:52:50 +0000. Up 5.27 seconds.
[[0;32m  OK  [0m] Started Initial cloud-init job (pre-networking).
[[0;32m  OK  [0m] Reached target Network (Pre).
[[0;32m  OK  [0m] Started LSB: AppArmor initialization.
         Starting Raise network interfaces...
         Starting Load AppArmor profiles managed internally by snapd...
[[0;32m  OK  [0m] Started Load AppArmor profiles managed internally by snapd.
[[0;32m  OK  [0m] Started Raise network interfaces.
[[0;32m  OK  [0m] Reached target Network.
         Starting Initial cloud-init job (metadata service crawler)...
[    6.959307] cloud-init[952]: Cloud-init v. 21.1-19-gbad84ad4-0ubuntu1~16.04.2 running 'init' at Mon, 20 May 2024 10:52:51 +0000. Up 6.41 seconds.
[    6.964856] cloud-init[952]: ci-info: ++++++++++++++++++++++++++++++++++++++Net device info++++++++++++++++++++++++++++++++++++++
[    6.972360] cloud-init[952]: ci-info: +--------+------+----------------------------+---------------+--------+-------------------+
[    6.973429] cloud-init[952]: ci-info: | Device |  Up  |          Address           |      Mask     | Scope  |     Hw-Address    |
[    6.974459] cloud-init[952]: ci-info: +--------+------+----------------------------+---------------+--------+-------------------+
[    6.975446] cloud-init[952]: ci-info: | enp0s3 | True |         10.0.2.15          | 255.255.255.0 | global | 02:be:82:6b:cc:1d |
[    6.976452] cloud-init[952]: ci-info: | enp0s3 | True | fe80::be:82ff:fe6b:cc1d/64 |       .       |  link  | 02:be:82:6b:cc:1d |
[    6.977462] cloud-init[952]: ci-info: |   lo   | True |         127.0.0.1          |   255.0.0.0   |  host  |         .         |
[    6.978382] cloud-init[952]: ci-info: |   lo   | True |          ::1/128           |       .       |  host  |         .         |
[    6.979411] cloud-init[952]: ci-info: +--------+------+----------------------------+---------------+--------+-------------------+
[    6.984874] cloud-init[952]: ci-info: +++++++++++++++++++++++++++Route IPv4 info++++++++++++++++++++++++++++
[    6.993109] cloud-init[952]: ci-info: +-------+-------------+----------+---------------+-----------+-------+
[    6.994282] cloud-init[952]: ci-info: | Route | Destination | Gateway  |    Genmask    | Interface | Flags |
[    7.000762] cloud-init[952]: ci-info: +-------+-------------+----------+---------------+-----------+-------+
[    7.001939] cloud-init[952]: ci-info: |   0   |   0.0.0.0   | 10.0.2.2 |    0.0.0.0    |   enp0s3  |   UG  |
[    7.008961] cloud-init[952]: ci-info: |   1   |   10.0.2.0  | 0.0.0.0  | 255.255.255.0 |   enp0s3  |   U   |
[    7.016636] cloud-init[952]: ci-info: +-------+-------------+----------+---------------+-----------+-------+
[    7.024824] cloud-init[952]: ci-info: +++++++++++++++++++Route IPv6 info+++++++++++++++++++
[    7.025916] cloud-init[952]: ci-info: +-------+-------------+---------+-----------+-------+
[    7.033065] [[0;32m  OK  [0m] Started Initial cloud-init job (metadata service crawler).
[[0;32m  OK  [0m] Reached target Cloud-config availability.
[[0;32m  OK  [0m] Reached target Network is Online.
cloud-init[952]: ci-info: | Route | Destination | Gateway | Interface | Flags |
[    7.035955] cloud-init[952]: ci-info: +-------+-------------+---------+-----------+-------+
[    7.036855] cloud-init[952]: ci-info: |   0   |  fe80::/64  |    ::   |   enp0s3  |   U   |
[    7.037723] cloud-init[952]: ci-info: |   3   |   ff00::/8  |    ::   |   enp0s3  |   U   |
[    7.038569] cloud-init[952]: ci-info: +-------+-------------+---------+-----------+-------+
[    7.039424] cloud-init[952]: Generating public/private rsa key pair.
[    7.040191] cloud-init[952]: Your identification has been saved in /etc/ssh/ssh_host_rsa_key.
[    7.041031] cloud-init[952]: Your public key has been saved in /etc/ssh/ssh_host_rsa_key.pub.
[    7.041892] cloud-init[952]: The key fingerprint is:
[    7.042560] cloud-init[952]: SHA256:vXJ60Udut31lZsMpRqN6BPmUK6vNSCJKDOzLQudqjKw root@ubuntu-xenial
[    7.043438] cloud-init[952]: The key's randomart image is:
[    7.044129] cloud-init[952]: +---[RSA 2048]----+
[    7.044801] cloud-init[952]: |                 |
[    7.045433] cloud-init[952]: |                 |
[    7.046080] cloud-init[952]: |          . .    |
[    7.046714] cloud-init[952]: |.        + o o.  |
[    7.047367] cloud-init[952]: |..      S =.+oo .|
[    7.048003] cloud-init[952]: |+. .     ..*.o++*|
[    7.048669] cloud-init[952]: |=+o. . .. B..o.==|
[    7.049314] cloud-init[952]: |=+o.. o +*..   .o|
[    7.049972] cloud-init[952]: |E=.    oo+.     .|
[    7.050599] cloud-init[952]: +----[SHA256]-----+
[    7.051236] cloud-init[952]: Generating public/private dsa key pair.
[    7.051999] cloud-init[952]: Your identification has been saved in /etc/ssh/ssh_host_dsa_key.         Starting iSCSI initiator daemon (iscsid)...
[[0;32m  OK  [0m] Reached target System Initialization.
         Starting Socket activation for snappy daemon.
[[0;32m  OK  [0m] Listening on ACPID Listen Socket.
[[0;32m  OK  [0m] Listening on D-Bus System Message Bus Socket.

[    7.054463] cloud-init[952]: [[0;32m  OK  [0m] Started ACPI Events Check.
[[0;32m  OK  [0m] Reached target Paths.
[[0;32m  OK  [0m] Listening on UUID daemon activation socket.
Your public key has been saved in /etc/ssh/ssh_host_dsa_key.pub.
[    7.057303] cloud-init[952]: The key fingerprint is:
[    7.057488] cloud-init[952]: SHA256:JAtpXpYuvbRioZ0VE9IMu3ndNnX8919TXdL0fFxdHqo root@ubuntu-xenial
[    7.057734] cloud-init[952]: The key's randomart image is:
[    7.057808] cloud-init[952]: +---[DSA 1024]----+
[    7.057966] cloud-init[952]: |    o+.        .*|
[    7.058134] cloud-init[952]: |     +oo     ..*=|
[    7.058276] cloud-init[952]: |    = B .   ..+ O|
[    7.058359] cloud-init[952]: |   o O B . ... o+|
[    7.058441] cloud-init[952]: |    * B S +E    =|
[    7.058554] cloud-init[952]: |   o B o . .    +|
[    7.058629] cloud-init[952]: |  . = o        .o|
[    7.058785] cloud-init[952]: |   . .          +|
[    7.058866] cloud-init[952]: |                .|
[    7.059020] cloud-init[952]: +----[SHA256]-----+
[    7.059116] cloud-init[952]: Generating public/private ecdsa key pair.
[    7.059184] cloud-init[952]: Your identification has been saved in /etc/ssh/ssh_host_ecdsa_key.
[    7.059266] cloud-init[952]: Your public key has been saved in /etc/ssh/ssh_host_ecdsa_key.pub.
[    7.059347] cloud-init[952]: The key fingerprint is:
[    7.059497] cloud-init[952]: SHA256:TSRQ/vrhgRzTSe1HuXS8GIu8hynxOa0JeP5BGzxaF3s root@ubuntu-xenial
[    7.059667] cloud-init[952]: The key's randomart image is:
[    7.059745] cloud-init[952]: +---[ECDSA 256]---+
[    7.059900] cloud-init[952]: |      .oo .      |
[    7.059976] cloud-init[952]: |       . o .   o |
[    7.060089] cloud-init[952]: |        . o .o+ o|
[    7.060154] cloud-init[952]: |         *oo.o*o.|
[    7.060302] cloud-init[952]: |        S.=O.=oE |
[    7.060384] cloud-init[952]: |       ..=* @..  |
[    7.060539] cloud-init[952]: |       .+=oX o   |
[    7.060720] cloud-init[952]: |        oooo*    |
[    7.060871] cloud-init[952]: |         .++     |
[    7.061029] cloud-init[952]: +----[SHA256]-----+
[    7.061217] cloud-init[952]: Generating public/private ed25519 key pair.
[    7.061377] cloud-init[952]: Your identification has been saved in /etc/ssh/ssh_host_ed25519_key.
[    7.061554] cloud-init[952]: Your public key has been saved in /etc/ssh/ssh_host_ed25519_key.pub.
[    7.061750] cloud-init[952]: The key fingerprint is:
[    7.061908] cloud-init[952]: SHA256:cbTJEgRq1V/iuOFwVvfM1zuAa9Xh6zu0BIZd6Dqr6UE root@ubuntu-xenial
[    7.062075] cloud-init[952]: The key's randomart image is:
[    7.062176] cloud-init[952]: +--[ED25519 256]--+
[    7.062359] cloud-init[952]: |      o+o .   .  |
[    7.062524] cloud-init[952]: |     o  .+ooo. o |
[    7.062726] cloud-init[952]: |    o   o==+=++ o|
[    7.062883] cloud-init[952]: |   .  . =+oo B+oo|
[    7.062967] cloud-init[952]: |       =SE  = o.o|
[    7.063264] cloud-init[952]: |        +  =   * |
[    7.063425] cloud-init[952]: |         .. o + o|
[    7.063588] cloud-init[952]: |          o.   + |
[    7.063905] cloud-init[952]: |        .+.    .o|
[    7.064006] cloud-init[952]: +----[SHA256]-----+
[[0;32m  OK  [0m] Started Message of the Day.
[[0;32m  OK  [0m] Started Daily Cleanup of Temporary Directories.
[[0;32m  OK  [0m] Started Ubuntu Advantage update messaging.
[[0;32m  OK  [0m] Started Daily apt download activities.
[[0;32m  OK  [0m] Started Daily apt upgrade and clean activities.
[[0;32m  OK  [0m] Reached target Timers.
         Starting LXD - unix socket.
[[0;32m  OK  [0m] Listening on Socket activation for snappy daemon.
[[0;32m  OK  [0m] Listening on LXD - unix socket.
[[0;32m  OK  [0m] Reached target Sockets.
[[0;32m  OK  [0m] Reached target Basic System.
[[0;32m  OK  [0m] Started Regular background program processing daemon.
         Starting System Logging Service...
         Starting LSB: Record successful boot for GRUB...
[[0;32m  OK  [0m] Started FUSE filesystem for LXC.
[[0;32m  OK  [0m] Started Deferred execution scheduler.
[[0;32m  OK  [0m] Started D-Bus System Message Bus.
         Starting LSB: MD monitoring daemon...
         Starting Virtualbox guest utils...
         Starting /etc/rc.local Compatibility...
         Starting Accounts Service...
         Starting Login Service...
[[0;32m  OK  [0m] Started ACPI event daemon.
         Starting Pollinate to seed the pseudo random number generator...
         Starting LXD - container startup/shutdown...
         Starting Snap Daemon...
[[0;32m  OK  [0m] Started System Logging Service.
[[0;32m  OK  [0m] Started iSCSI initiator daemon (iscsid).
[[0;32m  OK  [0m] Started /etc/rc.local Compatibility.
[[0;32m  OK  [0m] Started LSB: MD monitoring daemon.
[[0;32m  OK  [0m] Started LSB: Record successful boot for GRUB.
[[0;32m  OK  [0m] Started Login Service.
[[0;32m  OK  [0m] Started Unattended Upgrades Shutdown.
         Starting Login to default iSCSI targets...
[[0;32m  OK  [0m] Started Login to default iSCSI targets.
[[0;32m  OK  [0m] Reached target Remote File Systems (Pre).
[[0;32m  OK  [0m] Reached target Remote File Systems.
         Starting LSB: Set the CPU Frequency Scaling governor to "ondemand"...
         Starting LSB: automatic crash report generation...
         Starting Permit User Sessions...
         Starting LSB: daemon to balance interrupts for SMP systems...
[[0;32m  OK  [0m] Started LSB: Set the CPU Frequency Scaling governor to "ondemand".
[[0;32m  OK  [0m] Started Permit User Sessions.
         Starting Hold until boot process finishes up...
         Starting Terminate Plymouth Boot Screen...
[[0;32m  OK  [0m] Started Hold until boot process finishes up.
         Starting Set console scheme...
[[0;32m  OK  [0m] Started Getty on tty1.
[[0;32m  OK  [0m] Started Serial Getty on ttyS0.
[[0;32m  OK  [0m] Reached target Login Prompts.
[[0;32m  OK  [0m] Started LSB: automatic crash report generation.
[[0;32m  OK  [0m] Started Virtualbox guest utils.
[[0;32m  OK  [0m] Started Terminate Plymouth Boot Screen.
[[0;32m  OK  [0m] Started Set console scheme.
[[0;32m  OK  [0m] Started LSB: daemon to balance interrupts for SMP systems.
         Starting Authenticate and Authorize Users to Run Privileged Tasks...
[[0;32m  OK  [0m] Started LXD - container startup/shutdown.
[[0;32m  OK  [0m] Started Authenticate and Authorize Users to Run Privileged Tasks.
[[0;32m  OK  [0m] Started Accounts Service.
[[0;32m  OK  [0m] Started Snap Daemon.
         Starting Wait until snapd is fully seeded...

Ubuntu 16.04.7 LTS ubuntu-xenial ttyS0

ubuntu-xenial login: [   47.374361] cloud-init[1842]: Generating locales (this might take a while)...
[   48.041246] cloud-init[1842]:   en_US.UTF-8... done
[   48.041613] cloud-init[1842]: Generation complete.
[   48.276973] cloud-init[1842]: Cloud-init v. 21.1-19-gbad84ad4-0ubuntu1~16.04.2 running 'modules:config' at Mon, 20 May 2024 10:53:32 +0000. Up 47.27 seconds.
ci-info: no authorized SSH keys fingerprints found for user ubuntu.
<14>May 20 10:53:33 ec2: 
<14>May 20 10:53:33 ec2: #############################################################
<14>May 20 10:53:33 ec2: -----BEGIN SSH HOST KEY FINGERPRINTS-----
<14>May 20 10:53:33 ec2: 1024 SHA256:JAtpXpYuvbRioZ0VE9IMu3ndNnX8919TXdL0fFxdHqo root@ubuntu-xenial (DSA)
<14>May 20 10:53:33 ec2: 256 SHA256:TSRQ/vrhgRzTSe1HuXS8GIu8hynxOa0JeP5BGzxaF3s root@ubuntu-xenial (ECDSA)
<14>May 20 10:53:33 ec2: 256 SHA256:cbTJEgRq1V/iuOFwVvfM1zuAa9Xh6zu0BIZd6Dqr6UE root@ubuntu-xenial (ED25519)
<14>May 20 10:53:33 ec2: 2048 SHA256:vXJ60Udut31lZsMpRqN6BPmUK6vNSCJKDOzLQudqjKw root@ubuntu-xenial (RSA)
<14>May 20 10:53:33 ec2: -----END SSH HOST KEY FINGERPRINTS-----
<14>May 20 10:53:33 ec2: #############################################################
-----BEGIN SSH HOST KEY KEYS-----
ecdsa-sha2-nistp256 AAAAE2VjZHNhLXNoYTItbmlzdHAyNTYAAAAIbmlzdHAyNTYAAABBBJSq7ntYKeUgOEs86PvRZ2tOs1w18uU/2/O3cOP8gf+YJ2mzgnHULNxwSefJ48KE9jjSQOExlB2OnkatKrtHLe0= root@ubuntu-xenial
ssh-ed25519 AAAAC3NzaC1lZDI1NTE5AAAAIIBe2MVAe+GIi1i/IC4C9gNyToSmikHmsHZlVq+QLP/K root@ubuntu-xenial
ssh-rsa AAAAB3NzaC1yc2EAAAADAQABAAABAQC+Je8DqAHikjiDySpdAw2ZfengmdWqft2oKYOolI3q+baAa+yKsUmKz1eZ2EYPezCkuZBJ5Tf8u0Ibqr83KasPjawgELtZgYxtmQt9AfZZow5qjYrKlWbQaZqZKdOV2A9K81xuztTyp1byUusvik0Zojr+Q2ELGblBRLVzmYj5gJJVtAdtC5c5e2Ye5as51k9JP9qOVq2SQ9rsDIHAguZvjNwtQiD4bs4BNf6rG3E/iihqnmphOFl+IyQ1Be5Ue5fCJgtIiJ+yJXuc3tkLgfOf4JxmWxbASnOU/PNtF+g7YHCwS0oxcR91hCXzD2BkOFj/aH6gGnxOPt+/STN53k8J root@ubuntu-xenial
-----END SSH HOST KEY KEYS-----
[   48.755697] cloud-init[1885]: Cloud-init v. 21.1-19-gbad84ad4-0ubuntu1~16.04.2 running 'modules:final' at Mon, 20 May 2024 10:53:33 +0000. Up 48.61 seconds.
[   48.756018] cloud-init[1885]: ci-info: no authorized SSH keys fingerprints found for user ubuntu.
[   48.756528] cloud-init[1885]: Cloud-init v. 21.1-19-gbad84ad4-0ubuntu1~16.04.2 finished at Mon, 20 May 2024 10:53:33 +0000. Datasource DataSourceNoCloud [seed=/dev/sdb][dsmode=net].  Up 48.74 seconds
